\BOOKMARK [0][-]{chapter*.3}{List of Tables}{}% 1
\BOOKMARK [0][-]{chapter*.4}{List of Figures}{}% 2
\BOOKMARK [0][-]{chapter.1}{Introduction}{}% 3
\BOOKMARK [1][-]{section.1.1}{Quantum Physics and the Standard Model in a Nutshell}{chapter.1}% 4
\BOOKMARK [1][-]{section.1.2}{The Trouble with Understanding the Nucleon}{chapter.1}% 5
\BOOKMARK [1][-]{section.1.3}{Scattering Experiments and BONuS12}{chapter.1}% 6
\BOOKMARK [1][-]{section.1.4}{Data Analysis of CLAS12 First Experiment Data}{chapter.1}% 7
\BOOKMARK [0][-]{chapter.2}{Physics Formalism}{}% 8
\BOOKMARK [1][-]{section.2.1}{Nucleon Structure}{chapter.2}% 9
\BOOKMARK [1][-]{section.2.2}{Electron-Scattering Kinematics}{chapter.2}% 10
\BOOKMARK [1][-]{section.2.3}{Elastic Scattering}{chapter.2}% 11
\BOOKMARK [1][-]{section.2.4}{Resonance Region}{chapter.2}% 12
\BOOKMARK [1][-]{section.2.5}{Deep Inelastic Scattering}{chapter.2}% 13
\BOOKMARK [1][-]{section.2.6}{Partons and Bjorken-Scaling}{chapter.2}% 14
\BOOKMARK [1][-]{section.2.7}{Nucleon Structure-Function Ratio F2n/F2p}{chapter.2}% 15
\BOOKMARK [1][-]{section.2.8}{Models and Predictions}{chapter.2}% 16
\BOOKMARK [1][-]{section.2.9}{Difficulties in Extracting F2n/F2p from Deuterium}{chapter.2}% 17
\BOOKMARK [1][-]{section.2.10}{Spectator Tagging}{chapter.2}% 18
\BOOKMARK [2][-]{subsection.2.10.1}{Impulse Approximation}{section.2.10}% 19
\BOOKMARK [2][-]{subsection.2.10.2}{Minimizing Final State Interactions}{section.2.10}% 20
\BOOKMARK [0][-]{chapter.3}{The BONuS12 Experiment}{}% 21
\BOOKMARK [1][-]{section.3.1}{Continuous Electron Beam Accelerator Facility}{chapter.3}% 22
\BOOKMARK [1][-]{section.3.2}{CEBAF Large Acceptance Spectrometer}{chapter.3}% 23
\BOOKMARK [2][-]{subsection.3.2.1}{Torus Magnet}{section.3.2}% 24
\BOOKMARK [2][-]{subsection.3.2.2}{Cherenkov Counters}{section.3.2}% 25
\BOOKMARK [2][-]{subsection.3.2.3}{Drift Chambers}{section.3.2}% 26
\BOOKMARK [2][-]{subsection.3.2.4}{Forward Time of Flight}{section.3.2}% 27
\BOOKMARK [2][-]{subsection.3.2.5}{Electromagnetic Calorimeter}{section.3.2}% 28
\BOOKMARK [2][-]{subsection.3.2.6}{Faraday Cup}{section.3.2}% 29
\BOOKMARK [2][-]{subsection.3.2.7}{Solenoid Magnet}{section.3.2}% 30
\BOOKMARK [2][-]{subsection.3.2.8}{Central Time of Flight}{section.3.2}% 31
\BOOKMARK [1][-]{section.3.3}{BONuS12 RTPC}{chapter.3}% 32
\BOOKMARK [2][-]{subsection.3.3.1}{Components and their Purpose}{section.3.3}% 33
\BOOKMARK [2][-]{subsection.3.3.2}{RTPC Construction and Integration}{section.3.3}% 34
\BOOKMARK [2][-]{subsection.3.3.3}{BONuS12 Drift-gas Monitoring System}{section.3.3}% 35
\BOOKMARK [0][-]{chapter.4}{BONuS12 Simulation and Development}{}% 36
\BOOKMARK [1][-]{section.4.1}{Geant4 Monte Carlo \(GEMC\)}{chapter.4}% 37
\BOOKMARK [1][-]{section.4.2}{Garfield++}{chapter.4}% 38
\BOOKMARK [1][-]{section.4.3}{BONuS12 RTPC Simulations}{chapter.4}% 39
\BOOKMARK [2][-]{subsection.4.3.1}{Geometry \046 Materials}{section.4.3}% 40
\BOOKMARK [2][-]{subsection.4.3.2}{Event Generator}{section.4.3}% 41
\BOOKMARK [2][-]{subsection.4.3.3}{Drift Electrons}{section.4.3}% 42
\BOOKMARK [2][-]{subsection.4.3.4}{Gas Optimization}{section.4.3}% 43
\BOOKMARK [2][-]{subsection.4.3.5}{Drift Equations}{section.4.3}% 44
\BOOKMARK [1][-]{section.4.4}{DMS Simulations}{chapter.4}% 45
\BOOKMARK [2][-]{subsection.4.4.1}{Geometry}{section.4.4}% 46
\BOOKMARK [2][-]{subsection.4.4.2}{Electric Field}{section.4.4}% 47
\BOOKMARK [2][-]{subsection.4.4.3}{Drift Velocity}{section.4.4}% 48
\BOOKMARK [0][-]{chapter.5}{Data Analysis}{}% 49
\BOOKMARK [1][-]{section.5.1}{CLAS12 Offline Software}{chapter.5}% 50
\BOOKMARK [1][-]{section.5.2}{Calibration}{chapter.5}% 51
\BOOKMARK [1][-]{section.5.3}{Christy-Bosted Model and MC Simulated Data}{chapter.5}% 52
\BOOKMARK [1][-]{section.5.4}{Fiducial Cuts}{chapter.5}% 53
\BOOKMARK [1][-]{section.5.5}{Kinematic and PID Cuts}{chapter.5}% 54
\BOOKMARK [1][-]{section.5.6}{Binning and Acceptance}{chapter.5}% 55
\BOOKMARK [1][-]{section.5.7}{Faraday Cup and Integrated Luminosity}{chapter.5}% 56
\BOOKMARK [1][-]{section.5.8}{Differential Cross section Extraction}{chapter.5}% 57
\BOOKMARK [0][-]{chapter.6}{Results and Conclusions}{}% 58
\BOOKMARK [1][-]{section.6.1}{RGA Cross Section}{chapter.6}% 59
\BOOKMARK [1][-]{section.6.2}{BONuS12}{chapter.6}% 60
\BOOKMARK [2][-]{subsection.6.2.1}{DMS}{section.6.2}% 61
\BOOKMARK [2][-]{subsection.6.2.2}{RTPC}{section.6.2}% 62
\BOOKMARK [1][-]{section.6.3}{Conclusions}{chapter.6}% 63
\BOOKMARK [1][-]{appendix.A}{DMS Engineering Drawings}{chapter.6}% 64
\BOOKMARK [1][-]{appendix.B}{DMS Garfield++ Code Snippet}{chapter.6}% 65
\BOOKMARK [1][-]{appendix.C}{RGA Cross Section Data}{chapter.6}% 66
\BOOKMARK [0][-]{appendix*.111}{VITA}{}% 67
